Recebeu o post, verificando junto ao PagSeguro
array (
)
---------

Recebeu o post, verificando junto ao PagSeguro
array (
)
---------

Recebeu o post, verificando junto ao PagSeguro
array (
)
---------

Recebeu o post, verificando junto ao PagSeguro
array (
)
---------

Recebeu o post, verificando junto ao PagSeguro
array (
)
---------

Recebeu o post, verificando junto ao PagSeguro
array (
  'VendedorEmail' => 'jonata.marcelino@multclick.com.br',
  'TransacaoID' => 'E6443C2586E54F619DA2B81C4D0CFEBC',
  'Referencia' => '',
  'Extras' => '0,00',
  'TipoFrete' => 'FR',
  'ValorFrete' => '0,00',
  'Anotacao' => '',
  'DataTransacao' => '17/03/2011 14:54:11',
  'TipoPagamento' => 'Boleto',
  'StatusTransacao' => 'Aguardando Pagto',
  'CliNome' => 'Jônata Marcelino',
  'CliEmail' => 'johny21@gmail.com',
  'CliEndereco' => 'RUA FURNAS',
  'CliNumero' => '4783',
  'CliComplemento' => '',
  'CliBairro' => 'Neópolis',
  'CliCidade' => 'NATAL',
  'CliEstado' => 'RN',
  'CliCEP' => '59088040',
  'CliTelefone' => '84 30910701',
  'NumItens' => '1',
  'Parcelas' => '1',
  'ProdID_1' => '2',
  'ProdDescricao_1' => 'ColeÃÃo 4 cervejas Weihenstephen 500ml, de R63,40 por R30,20 ...',
  'ProdValor_1' => '30,20',
  'ProdQuantidade_1' => '1',
  'ProdFrete_1' => '0,00',
  'ProdExtras_1' => '0,00',
)
---------

Recebeu o post, verificando junto ao PagSeguro
array (
)
---------

Recebeu o post, verificando junto ao PagSeguro
array (
  'VendedorEmail' => 'jonata.marcelino@multclick.com.br',
  'TransacaoID' => 'E809FBAAF3B04903A540EBB08915F515',
  'Referencia' => '',
  'Extras' => '0,00',
  'TipoFrete' => 'FR',
  'ValorFrete' => '0,00',
  'Anotacao' => '',
  'DataTransacao' => '17/03/2011 15:49:18',
  'TipoPagamento' => 'Boleto',
  'StatusTransacao' => 'Aguardando Pagto',
  'CliNome' => 'Jônata Marcelino',
  'CliEmail' => 'johny21@gmail.com',
  'CliEndereco' => 'RUA FURNAS',
  'CliNumero' => '4783',
  'CliComplemento' => '',
  'CliBairro' => 'Neópolis',
  'CliCidade' => 'NATAL',
  'CliEstado' => 'RN',
  'CliCEP' => '59088040',
  'CliTelefone' => '84 30910701',
  'NumItens' => '1',
  'Parcelas' => '1',
  'ProdID_1' => '2',
  'ProdDescricao_1' => 'ColeÃÃo 4 cervejas Weihenstephen 500ml, de R63,40 por R30,20 ...',
  'ProdValor_1' => '30,20',
  'ProdQuantidade_1' => '1',
  'ProdFrete_1' => '0,00',
  'ProdExtras_1' => '0,00',
)
---------

Recebeu o post, verificando junto ao PagSeguro
array (
)
---------

Recebeu o post, verificando junto ao PagSeguro
array (
  'VendedorEmail' => 'jonata.marcelino@multclick.com.br',
  'TransacaoID' => '6DFC56932015408A9FF94197AD0520D5',
  'Referencia' => '',
  'Extras' => '0,00',
  'TipoFrete' => 'FR',
  'ValorFrete' => '0,00',
  'Anotacao' => '',
  'DataTransacao' => '17/03/2011 15:56:54',
  'TipoPagamento' => 'Boleto',
  'StatusTransacao' => 'Aguardando Pagto',
  'CliNome' => 'Jônata Marcelino',
  'CliEmail' => 'johny21@gmail.com',
  'CliEndereco' => 'RUA FURNAS',
  'CliNumero' => '4783',
  'CliComplemento' => '',
  'CliBairro' => 'Neópolis',
  'CliCidade' => 'NATAL',
  'CliEstado' => 'RN',
  'CliCEP' => '59088040',
  'CliTelefone' => '84 30910701',
  'NumItens' => '1',
  'Parcelas' => '1',
  'ProdID_1' => '2',
  'ProdDescricao_1' => 'ColeÃÃo 4 cervejas Weihenstephen 500ml, de R63,40 por R30,20 ...',
  'ProdValor_1' => '30,20',
  'ProdQuantidade_1' => '1',
  'ProdFrete_1' => '0,00',
  'ProdExtras_1' => '0,00',
)
---------

Recebeu o post, verificando junto ao PagSeguro
array (
)
---------

